May 16 15:18:43 +0600 OX-62826b533d62a [    error]  Unable to drop table rv_account_preference_assoc
May 16 15:18:43 +0600 OX-62826b533d62a [    error]  Unable to drop the table account_preference_assoc
May 16 15:18:43 +0600 OX-62826b533d62a [    error]  Unable to drop table rv_account_user_assoc
May 16 15:18:43 +0600 OX-62826b533d62a [    error]  Unable to drop the table account_user_assoc
May 16 15:18:43 +0600 OX-62826b533d62a [    error]  Unable to drop table rv_account_user_permission_assoc
May 16 15:18:43 +0600 OX-62826b533d62a [    error]  Unable to drop the table account_user_permission_assoc
May 16 15:18:43 +0600 OX-62826b533d62a [    error]  Unable to drop table rv_accounts
May 16 15:18:43 +0600 OX-62826b533d62a [    error]  Unable to drop the table accounts
May 16 15:18:43 +0600 OX-62826b533d62a [    error]  Unable to drop table rv_acls
May 16 15:18:43 +0600 OX-62826b533d62a [    error]  Unable to drop the table acls
May 16 15:18:43 +0600 OX-62826b533d62a [    error]  Unable to drop table rv_acls_channel
May 16 15:18:43 +0600 OX-62826b533d62a [    error]  Unable to drop the table acls_channel
May 16 15:18:43 +0600 OX-62826b533d62a [    error]  Unable to drop table rv_ad_category_assoc
May 16 15:18:43 +0600 OX-62826b533d62a [    error]  Unable to drop the table ad_category_assoc
May 16 15:18:43 +0600 OX-62826b533d62a [    error]  Unable to drop table rv_ad_zone_assoc
May 16 15:18:43 +0600 OX-62826b533d62a [    error]  Unable to drop the table ad_zone_assoc
May 16 15:18:43 +0600 OX-62826b533d62a [    error]  Unable to drop table rv_affiliates
May 16 15:18:43 +0600 OX-62826b533d62a [    error]  Unable to drop the table affiliates
May 16 15:18:43 +0600 OX-62826b533d62a [    error]  Unable to drop table rv_affiliates_extra
May 16 15:18:43 +0600 OX-62826b533d62a [    error]  Unable to drop the table affiliates_extra
May 16 15:18:43 +0600 OX-62826b533d62a [    error]  Unable to drop table rv_agency
May 16 15:18:43 +0600 OX-62826b533d62a [    error]  Unable to drop the table agency
May 16 15:18:43 +0600 OX-62826b533d62a [    error]  Unable to drop table rv_application_variable
May 16 15:18:43 +0600 OX-62826b533d62a [    error]  Unable to drop the table application_variable
May 16 15:18:43 +0600 OX-62826b533d62a [    error]  Unable to drop table rv_audit
May 16 15:18:43 +0600 OX-62826b533d62a [    error]  Unable to drop the table audit
May 16 15:18:43 +0600 OX-62826b533d62a [    error]  Unable to drop table rv_banners
May 16 15:18:43 +0600 OX-62826b533d62a [    error]  Unable to drop the table banners
May 16 15:18:43 +0600 OX-62826b533d62a [    error]  Unable to drop table rv_campaigns
May 16 15:18:43 +0600 OX-62826b533d62a [    error]  Unable to drop the table campaigns
May 16 15:18:43 +0600 OX-62826b533d62a [    error]  Unable to drop table rv_campaigns_trackers
May 16 15:18:43 +0600 OX-62826b533d62a [    error]  Unable to drop the table campaigns_trackers
May 16 15:18:43 +0600 OX-62826b533d62a [    error]  Unable to drop table rv_category
May 16 15:18:43 +0600 OX-62826b533d62a [    error]  Unable to drop the table category
May 16 15:18:43 +0600 OX-62826b533d62a [    error]  Unable to drop table rv_channel
May 16 15:18:43 +0600 OX-62826b533d62a [    error]  Unable to drop the table channel
May 16 15:18:43 +0600 OX-62826b533d62a [    error]  Unable to drop table rv_clients
May 16 15:18:43 +0600 OX-62826b533d62a [    error]  Unable to drop the table clients
May 16 15:18:43 +0600 OX-62826b533d62a [    error]  Unable to drop table rv_data_intermediate_ad
May 16 15:18:43 +0600 OX-62826b533d62a [    error]  Unable to drop the table data_intermediate_ad
May 16 15:18:43 +0600 OX-62826b533d62a [    error]  Unable to drop table rv_data_intermediate_ad_connection
May 16 15:18:43 +0600 OX-62826b533d62a [    error]  Unable to drop the table data_intermediate_ad_connection
May 16 15:18:43 +0600 OX-62826b533d62a [    error]  Unable to drop table rv_data_intermediate_ad_variable_value
May 16 15:18:43 +0600 OX-62826b533d62a [    error]  Unable to drop the table data_intermediate_ad_variable_value
May 16 15:18:43 +0600 OX-62826b533d62a [    error]  Unable to drop table rv_data_raw_ad_click
May 16 15:18:43 +0600 OX-62826b533d62a [    error]  Unable to drop the table data_raw_ad_click
May 16 15:18:43 +0600 OX-62826b533d62a [    error]  Unable to drop table rv_data_raw_ad_impression
May 16 15:18:43 +0600 OX-62826b533d62a [    error]  Unable to drop the table data_raw_ad_impression
May 16 15:18:43 +0600 OX-62826b533d62a [    error]  Unable to drop table rv_data_raw_ad_request
May 16 15:18:43 +0600 OX-62826b533d62a [    error]  Unable to drop the table data_raw_ad_request
May 16 15:18:43 +0600 OX-62826b533d62a [    error]  Unable to drop table rv_data_raw_tracker_impression
May 16 15:18:43 +0600 OX-62826b533d62a [    error]  Unable to drop the table data_raw_tracker_impression
May 16 15:18:43 +0600 OX-62826b533d62a [    error]  Unable to drop table rv_data_raw_tracker_variable_value
May 16 15:18:43 +0600 OX-62826b533d62a [    error]  Unable to drop the table data_raw_tracker_variable_value
May 16 15:18:43 +0600 OX-62826b533d62a [    error]  Unable to drop table rv_data_summary_ad_hourly
May 16 15:18:43 +0600 OX-62826b533d62a [    error]  Unable to drop the table data_summary_ad_hourly
May 16 15:18:43 +0600 OX-62826b533d62a [    error]  Unable to drop table rv_data_summary_ad_zone_assoc
May 16 15:18:43 +0600 OX-62826b533d62a [    error]  Unable to drop the table data_summary_ad_zone_assoc
May 16 15:18:43 +0600 OX-62826b533d62a [    error]  Unable to drop table rv_data_summary_channel_daily
May 16 15:18:43 +0600 OX-62826b533d62a [    error]  Unable to drop the table data_summary_channel_daily
May 16 15:18:43 +0600 OX-62826b533d62a [    error]  Unable to drop table rv_data_summary_zone_impression_history
May 16 15:18:43 +0600 OX-62826b533d62a [    error]  Unable to drop the table data_summary_zone_impression_history
May 16 15:18:43 +0600 OX-62826b533d62a [    error]  Unable to drop table rv_images
May 16 15:18:43 +0600 OX-62826b533d62a [    error]  Unable to drop the table images
May 16 15:18:43 +0600 OX-62826b533d62a [    error]  Unable to drop table rv_log_maintenance_forecasting
May 16 15:18:43 +0600 OX-62826b533d62a [    error]  Unable to drop the table log_maintenance_forecasting
May 16 15:18:43 +0600 OX-62826b533d62a [    error]  Unable to drop table rv_log_maintenance_priority
May 16 15:18:43 +0600 OX-62826b533d62a [    error]  Unable to drop the table log_maintenance_priority
May 16 15:18:43 +0600 OX-62826b533d62a [    error]  Unable to drop table rv_log_maintenance_statistics
May 16 15:18:43 +0600 OX-62826b533d62a [    error]  Unable to drop the table log_maintenance_statistics
May 16 15:18:43 +0600 OX-62826b533d62a [    error]  Unable to drop table rv_password_recovery
May 16 15:18:43 +0600 OX-62826b533d62a [    error]  Unable to drop the table password_recovery
May 16 15:18:43 +0600 OX-62826b533d62a [    error]  Unable to drop table rv_placement_zone_assoc
May 16 15:18:43 +0600 OX-62826b533d62a [    error]  Unable to drop the table placement_zone_assoc
May 16 15:18:43 +0600 OX-62826b533d62a [    error]  Unable to drop table rv_preferences
May 16 15:18:43 +0600 OX-62826b533d62a [    error]  Unable to drop the table preferences
May 16 15:18:43 +0600 OX-62826b533d62a [    error]  Unable to drop table rv_session
May 16 15:18:43 +0600 OX-62826b533d62a [    error]  Unable to drop the table session
May 16 15:18:43 +0600 OX-62826b533d62a [    error]  Unable to drop table rv_targetstats
May 16 15:18:43 +0600 OX-62826b533d62a [    error]  Unable to drop the table targetstats
May 16 15:18:43 +0600 OX-62826b533d62a [    error]  Unable to drop table rv_tracker_append
May 16 15:18:43 +0600 OX-62826b533d62a [    error]  Unable to drop the table tracker_append
May 16 15:18:43 +0600 OX-62826b533d62a [    error]  Unable to drop table rv_trackers
May 16 15:18:43 +0600 OX-62826b533d62a [    error]  Unable to drop the table trackers
May 16 15:18:43 +0600 OX-62826b533d62a [    error]  Unable to drop table rv_userlog
May 16 15:18:43 +0600 OX-62826b533d62a [    error]  Unable to drop the table userlog
May 16 15:18:43 +0600 OX-62826b533d62a [    error]  Unable to drop table rv_users
May 16 15:18:43 +0600 OX-62826b533d62a [    error]  Unable to drop the table users
May 16 15:18:43 +0600 OX-62826b533d62a [    error]  Unable to drop table rv_variable_publisher
May 16 15:18:43 +0600 OX-62826b533d62a [    error]  Unable to drop the table variable_publisher
May 16 15:18:43 +0600 OX-62826b533d62a [    error]  Unable to drop table rv_variables
May 16 15:18:43 +0600 OX-62826b533d62a [    error]  Unable to drop the table variables
May 16 15:18:43 +0600 OX-62826b533d62a [    error]  Unable to drop table rv_zones
May 16 15:18:43 +0600 OX-62826b533d62a [    error]  Unable to drop the table zones
May 16 15:19:32 +0600 OX-plugins-62826b84b309d [     info]  starting _checkPackageContents openXBannerTypes.xml
May 16 15:19:32 +0600 OX-plugins-62826b84b309d [     info]  expecting definition openXBannerTypes.xml
May 16 15:19:32 +0600 OX-plugins-62826b84b309d [     info]  detected plugin definition file /plugins/etc/openXBannerTypes.xml
May 16 15:19:32 +0600 OX-plugins-62826b84b309d [     info]  detected group definition file /plugins/etc/oxText/oxText.xml
May 16 15:19:32 +0600 OX-plugins-62826b84b309d [     info]  detected group definition file /plugins/etc/oxHtml/oxHtml.xml
May 16 15:19:32 +0600 OX-plugins-62826b84b309d [     info]  Executing _checkOpenXCompatibility for oxHtml
May 16 15:19:32 +0600 OX-plugins-62826b84b309d [     info]  Executing _checkSystemEnvironment for oxHtml
May 16 15:19:32 +0600 OX-plugins-62826b84b309d [     info]  Executing _checkDatabaseEnvironment for oxHtml
May 16 15:19:32 +0600 OX-plugins-62826b84b309d [     info]  Executing _runScript for oxHtml
May 16 15:19:32 +0600 OX-plugins-62826b84b309d [     info]  Executing _checkDependenciesForInstallOrEnable for oxHtml
May 16 15:19:32 +0600 OX-plugins-62826b84b309d [     info]  Executing _checkFiles for oxHtml
May 16 15:19:32 +0600 OX-plugins-62826b84b309d [     info]  Executing _checkNavigationCheckers for oxHtml
May 16 15:19:32 +0600 OX-plugins-62826b84b309d [     info]  Executing _checkMenus for oxHtml
May 16 15:19:32 +0600 OX-plugins-62826b84b309d [     info]  Executing _registerSchema for oxHtml
May 16 15:19:32 +0600 OX-plugins-62826b84b309d [     info]  Executing _registerPreferences for oxHtml
May 16 15:19:32 +0600 OX-plugins-62826b84b309d [     info]  Executing _registerSettings for oxHtml
May 16 15:19:32 +0600 OX-plugins-62826b84b309d [     info]  Executing disableComponentGroup for oxHtml
May 16 15:19:32 +0600 OX-plugins-62826b84b309d [     info]  Executing _registerPluginVersion for oxHtml
May 16 15:19:32 +0600 OX-plugins-62826b84b309d [     info]  Executing _runScript for oxHtml
May 16 15:19:33 +0600 OX-plugins-62826b84b309d [     info]  Executing _checkOpenXCompatibility for oxText
May 16 15:19:33 +0600 OX-plugins-62826b84b309d [     info]  Executing _checkSystemEnvironment for oxText
May 16 15:19:33 +0600 OX-plugins-62826b84b309d [     info]  Executing _checkDatabaseEnvironment for oxText
May 16 15:19:33 +0600 OX-plugins-62826b84b309d [     info]  Executing _runScript for oxText
May 16 15:19:33 +0600 OX-plugins-62826b84b309d [     info]  Executing _checkDependenciesForInstallOrEnable for oxText
May 16 15:19:33 +0600 OX-plugins-62826b84b309d [     info]  Executing _checkFiles for oxText
May 16 15:19:33 +0600 OX-plugins-62826b84b309d [     info]  Executing _checkNavigationCheckers for oxText
May 16 15:19:33 +0600 OX-plugins-62826b84b309d [     info]  Executing _checkMenus for oxText
May 16 15:19:33 +0600 OX-plugins-62826b84b309d [     info]  Executing _registerSchema for oxText
May 16 15:19:33 +0600 OX-plugins-62826b84b309d [     info]  Executing _registerPreferences for oxText
May 16 15:19:33 +0600 OX-plugins-62826b84b309d [     info]  Executing _registerSettings for oxText
May 16 15:19:33 +0600 OX-plugins-62826b84b309d [     info]  Executing disableComponentGroup for oxText
May 16 15:19:33 +0600 OX-plugins-62826b84b309d [     info]  Executing _registerPluginVersion for oxText
May 16 15:19:33 +0600 OX-plugins-62826b84b309d [     info]  Executing _runScript for oxText
May 16 15:19:35 +0600 OX-plugins-62826b878f0c6 [     info]  starting _checkPackageContents openXDeliveryLimitations.xml
May 16 15:19:35 +0600 OX-plugins-62826b878f0c6 [     info]  expecting definition openXDeliveryLimitations.xml
May 16 15:19:35 +0600 OX-plugins-62826b878f0c6 [     info]  detected group definition file /plugins/etc/Client/Client.xml
May 16 15:19:35 +0600 OX-plugins-62826b878f0c6 [     info]  detected group definition file /plugins/etc/Time/Time.xml
May 16 15:19:35 +0600 OX-plugins-62826b878f0c6 [     info]  detected plugin definition file /plugins/etc/openXDeliveryLimitations.xml
May 16 15:19:35 +0600 OX-plugins-62826b878f0c6 [     info]  detected group definition file /plugins/etc/Site/Site.xml
May 16 15:19:35 +0600 OX-plugins-62826b878f0c6 [     info]  detected group definition file /plugins/etc/Geo/Geo.xml
May 16 15:19:35 +0600 OX-plugins-62826b878f0c6 [     info]  Executing _checkOpenXCompatibility for Client
May 16 15:19:35 +0600 OX-plugins-62826b878f0c6 [     info]  Executing _checkSystemEnvironment for Client
May 16 15:19:35 +0600 OX-plugins-62826b878f0c6 [     info]  Executing _checkDatabaseEnvironment for Client
May 16 15:19:35 +0600 OX-plugins-62826b878f0c6 [     info]  Executing _runScript for Client
May 16 15:19:35 +0600 OX-plugins-62826b878f0c6 [     info]  Executing _checkDependenciesForInstallOrEnable for Client
May 16 15:19:35 +0600 OX-plugins-62826b878f0c6 [     info]  Executing _checkFiles for Client
May 16 15:19:35 +0600 OX-plugins-62826b878f0c6 [     info]  Executing _checkNavigationCheckers for Client
May 16 15:19:35 +0600 OX-plugins-62826b878f0c6 [     info]  Executing _checkMenus for Client
May 16 15:19:35 +0600 OX-plugins-62826b878f0c6 [     info]  Executing _registerSchema for Client
May 16 15:19:35 +0600 OX-plugins-62826b878f0c6 [     info]  Executing _registerPreferences for Client
May 16 15:19:35 +0600 OX-plugins-62826b878f0c6 [     info]  Executing _registerSettings for Client
May 16 15:19:35 +0600 OX-plugins-62826b878f0c6 [     info]  Executing disableComponentGroup for Client
May 16 15:19:35 +0600 OX-plugins-62826b878f0c6 [     info]  Executing _registerPluginVersion for Client
May 16 15:19:35 +0600 OX-plugins-62826b878f0c6 [     info]  Executing _runScript for Client
May 16 15:19:35 +0600 OX-plugins-62826b878f0c6 [     info]  Executing _checkOpenXCompatibility for Geo
May 16 15:19:35 +0600 OX-plugins-62826b878f0c6 [     info]  Executing _checkSystemEnvironment for Geo
May 16 15:19:35 +0600 OX-plugins-62826b878f0c6 [     info]  Executing _checkDatabaseEnvironment for Geo
May 16 15:19:35 +0600 OX-plugins-62826b878f0c6 [     info]  Executing _runScript for Geo
May 16 15:19:35 +0600 OX-plugins-62826b878f0c6 [     info]  Executing _checkDependenciesForInstallOrEnable for Geo
May 16 15:19:35 +0600 OX-plugins-62826b878f0c6 [     info]  Executing _checkFiles for Geo
May 16 15:19:35 +0600 OX-plugins-62826b878f0c6 [     info]  Executing _checkNavigationCheckers for Geo
May 16 15:19:35 +0600 OX-plugins-62826b878f0c6 [     info]  Executing _checkMenus for Geo
May 16 15:19:35 +0600 OX-plugins-62826b878f0c6 [     info]  Executing _registerSchema for Geo
May 16 15:19:35 +0600 OX-plugins-62826b878f0c6 [     info]  Executing _registerPreferences for Geo
May 16 15:19:35 +0600 OX-plugins-62826b878f0c6 [     info]  Executing _registerSettings for Geo
May 16 15:19:35 +0600 OX-plugins-62826b878f0c6 [     info]  Executing disableComponentGroup for Geo
May 16 15:19:35 +0600 OX-plugins-62826b878f0c6 [     info]  Executing _registerPluginVersion for Geo
May 16 15:19:35 +0600 OX-plugins-62826b878f0c6 [     info]  Executing _runScript for Geo
May 16 15:19:35 +0600 OX-plugins-62826b878f0c6 [     info]  Executing _checkOpenXCompatibility for Site
May 16 15:19:35 +0600 OX-plugins-62826b878f0c6 [     info]  Executing _checkSystemEnvironment for Site
May 16 15:19:35 +0600 OX-plugins-62826b878f0c6 [     info]  Executing _checkDatabaseEnvironment for Site
May 16 15:19:35 +0600 OX-plugins-62826b878f0c6 [     info]  Executing _runScript for Site
May 16 15:19:35 +0600 OX-plugins-62826b878f0c6 [     info]  Executing _checkDependenciesForInstallOrEnable for Site
May 16 15:19:35 +0600 OX-plugins-62826b878f0c6 [     info]  Executing _checkFiles for Site
May 16 15:19:35 +0600 OX-plugins-62826b878f0c6 [     info]  Executing _checkNavigationCheckers for Site
May 16 15:19:35 +0600 OX-plugins-62826b878f0c6 [     info]  Executing _checkMenus for Site
May 16 15:19:35 +0600 OX-plugins-62826b878f0c6 [     info]  Executing _registerSchema for Site
May 16 15:19:35 +0600 OX-plugins-62826b878f0c6 [     info]  Executing _registerPreferences for Site
May 16 15:19:35 +0600 OX-plugins-62826b878f0c6 [     info]  Executing _registerSettings for Site
May 16 15:19:35 +0600 OX-plugins-62826b878f0c6 [     info]  Executing disableComponentGroup for Site
May 16 15:19:35 +0600 OX-plugins-62826b878f0c6 [     info]  Executing _registerPluginVersion for Site
May 16 15:19:35 +0600 OX-plugins-62826b878f0c6 [     info]  Executing _runScript for Site
May 16 15:19:35 +0600 OX-plugins-62826b878f0c6 [     info]  Executing _checkOpenXCompatibility for Time
May 16 15:19:35 +0600 OX-plugins-62826b878f0c6 [     info]  Executing _checkSystemEnvironment for Time
May 16 15:19:35 +0600 OX-plugins-62826b878f0c6 [     info]  Executing _checkDatabaseEnvironment for Time
May 16 15:19:35 +0600 OX-plugins-62826b878f0c6 [     info]  Executing _runScript for Time
May 16 15:19:35 +0600 OX-plugins-62826b878f0c6 [     info]  Executing _checkDependenciesForInstallOrEnable for Time
May 16 15:19:35 +0600 OX-plugins-62826b878f0c6 [     info]  Executing _checkFiles for Time
May 16 15:19:35 +0600 OX-plugins-62826b878f0c6 [     info]  Executing _checkNavigationCheckers for Time
May 16 15:19:35 +0600 OX-plugins-62826b878f0c6 [     info]  Executing _checkMenus for Time
May 16 15:19:35 +0600 OX-plugins-62826b878f0c6 [     info]  Executing _registerSchema for Time
May 16 15:19:35 +0600 OX-plugins-62826b878f0c6 [     info]  Executing _registerPreferences for Time
May 16 15:19:35 +0600 OX-plugins-62826b878f0c6 [     info]  Executing _registerSettings for Time
May 16 15:19:35 +0600 OX-plugins-62826b878f0c6 [     info]  Executing disableComponentGroup for Time
May 16 15:19:35 +0600 OX-plugins-62826b878f0c6 [     info]  Executing _registerPluginVersion for Time
May 16 15:19:35 +0600 OX-plugins-62826b878f0c6 [     info]  Executing _runScript for Time
May 16 15:19:38 +0600 OX-plugins-62826b8a8393c [     info]  starting _checkPackageContents openXReports.xml
May 16 15:19:38 +0600 OX-plugins-62826b8a8393c [     info]  expecting definition openXReports.xml
May 16 15:19:38 +0600 OX-plugins-62826b8a8393c [     info]  detected plugin definition file /plugins/etc/openXReports.xml
May 16 15:19:38 +0600 OX-plugins-62826b8a8393c [     info]  detected group definition file /plugins/etc/oxReportsAdmin/oxReportsAdmin.xml
May 16 15:19:38 +0600 OX-plugins-62826b8a8393c [     info]  detected group definition file /plugins/etc/oxReportsStandard/oxReportsStandard.xml
May 16 15:19:38 +0600 OX-plugins-62826b8a8393c [     info]  Executing _checkOpenXCompatibility for oxReportsStandard
May 16 15:19:38 +0600 OX-plugins-62826b8a8393c [     info]  Executing _checkSystemEnvironment for oxReportsStandard
May 16 15:19:38 +0600 OX-plugins-62826b8a8393c [     info]  Executing _checkDatabaseEnvironment for oxReportsStandard
May 16 15:19:38 +0600 OX-plugins-62826b8a8393c [     info]  Executing _runScript for oxReportsStandard
May 16 15:19:38 +0600 OX-plugins-62826b8a8393c [     info]  Executing _checkDependenciesForInstallOrEnable for oxReportsStandard
May 16 15:19:38 +0600 OX-plugins-62826b8a8393c [     info]  Executing _checkFiles for oxReportsStandard
May 16 15:19:38 +0600 OX-plugins-62826b8a8393c [     info]  Executing _checkNavigationCheckers for oxReportsStandard
May 16 15:19:38 +0600 OX-plugins-62826b8a8393c [     info]  Executing _checkMenus for oxReportsStandard
May 16 15:19:38 +0600 OX-plugins-62826b8a8393c [     info]  Executing _registerSchema for oxReportsStandard
May 16 15:19:38 +0600 OX-plugins-62826b8a8393c [     info]  Executing _registerPreferences for oxReportsStandard
May 16 15:19:38 +0600 OX-plugins-62826b8a8393c [     info]  Executing _registerSettings for oxReportsStandard
May 16 15:19:38 +0600 OX-plugins-62826b8a8393c [     info]  Executing disableComponentGroup for oxReportsStandard
May 16 15:19:38 +0600 OX-plugins-62826b8a8393c [     info]  Executing _registerPluginVersion for oxReportsStandard
May 16 15:19:38 +0600 OX-plugins-62826b8a8393c [     info]  Executing _runScript for oxReportsStandard
May 16 15:19:38 +0600 OX-plugins-62826b8a8393c [     info]  Executing _checkOpenXCompatibility for oxReportsAdmin
May 16 15:19:38 +0600 OX-plugins-62826b8a8393c [     info]  Executing _checkSystemEnvironment for oxReportsAdmin
May 16 15:19:38 +0600 OX-plugins-62826b8a8393c [     info]  Executing _checkDatabaseEnvironment for oxReportsAdmin
May 16 15:19:38 +0600 OX-plugins-62826b8a8393c [     info]  Executing _runScript for oxReportsAdmin
May 16 15:19:38 +0600 OX-plugins-62826b8a8393c [     info]  Executing _checkDependenciesForInstallOrEnable for oxReportsAdmin
May 16 15:19:38 +0600 OX-plugins-62826b8a8393c [     info]  Executing _checkFiles for oxReportsAdmin
May 16 15:19:38 +0600 OX-plugins-62826b8a8393c [     info]  Executing _checkNavigationCheckers for oxReportsAdmin
May 16 15:19:38 +0600 OX-plugins-62826b8a8393c [     info]  Executing _checkMenus for oxReportsAdmin
May 16 15:19:38 +0600 OX-plugins-62826b8a8393c [     info]  Executing _registerSchema for oxReportsAdmin
May 16 15:19:38 +0600 OX-plugins-62826b8a8393c [     info]  Executing _registerPreferences for oxReportsAdmin
May 16 15:19:38 +0600 OX-plugins-62826b8a8393c [     info]  Executing _registerSettings for oxReportsAdmin
May 16 15:19:38 +0600 OX-plugins-62826b8a8393c [     info]  Executing disableComponentGroup for oxReportsAdmin
May 16 15:19:38 +0600 OX-plugins-62826b8a8393c [     info]  Executing _registerPluginVersion for oxReportsAdmin
May 16 15:19:38 +0600 OX-plugins-62826b8a8393c [     info]  Executing _runScript for oxReportsAdmin
May 16 15:19:41 +0600 OX-plugins-62826b8d37435 [     info]  starting _checkPackageContents openXDeliveryCacheStore.xml
May 16 15:19:41 +0600 OX-plugins-62826b8d37435 [     info]  expecting definition openXDeliveryCacheStore.xml
May 16 15:19:41 +0600 OX-plugins-62826b8d37435 [     info]  detected group definition file /plugins/etc/oxMemcached/oxMemcached.xml
May 16 15:19:41 +0600 OX-plugins-62826b8d37435 [     info]  detected plugin definition file /plugins/etc/openXDeliveryCacheStore.xml
May 16 15:19:41 +0600 OX-plugins-62826b8d37435 [     info]  detected group definition file /plugins/etc/oxCacheFile/oxCacheFile.xml
May 16 15:19:41 +0600 OX-plugins-62826b8d37435 [     info]  Executing _checkOpenXCompatibility for oxCacheFile
May 16 15:19:41 +0600 OX-plugins-62826b8d37435 [     info]  Executing _checkSystemEnvironment for oxCacheFile
May 16 15:19:41 +0600 OX-plugins-62826b8d37435 [     info]  Executing _checkDatabaseEnvironment for oxCacheFile
May 16 15:19:41 +0600 OX-plugins-62826b8d37435 [     info]  Executing _runScript for oxCacheFile
May 16 15:19:41 +0600 OX-plugins-62826b8d37435 [     info]  Executing _checkDependenciesForInstallOrEnable for oxCacheFile
May 16 15:19:41 +0600 OX-plugins-62826b8d37435 [     info]  Executing _checkFiles for oxCacheFile
May 16 15:19:41 +0600 OX-plugins-62826b8d37435 [     info]  Executing _checkNavigationCheckers for oxCacheFile
May 16 15:19:41 +0600 OX-plugins-62826b8d37435 [     info]  Executing _checkMenus for oxCacheFile
May 16 15:19:41 +0600 OX-plugins-62826b8d37435 [     info]  Executing _registerSchema for oxCacheFile
May 16 15:19:41 +0600 OX-plugins-62826b8d37435 [     info]  Executing _registerPreferences for oxCacheFile
May 16 15:19:41 +0600 OX-plugins-62826b8d37435 [     info]  Executing _registerSettings for oxCacheFile
May 16 15:19:41 +0600 OX-plugins-62826b8d37435 [     info]  Executing disableComponentGroup for oxCacheFile
May 16 15:19:41 +0600 OX-plugins-62826b8d37435 [     info]  Executing _registerPluginVersion for oxCacheFile
May 16 15:19:41 +0600 OX-plugins-62826b8d37435 [     info]  Executing _runScript for oxCacheFile
May 16 15:19:41 +0600 OX-plugins-62826b8d37435 [     info]  Executing _checkOpenXCompatibility for oxMemcached
May 16 15:19:41 +0600 OX-plugins-62826b8d37435 [     info]  Executing _checkSystemEnvironment for oxMemcached
May 16 15:19:41 +0600 OX-plugins-62826b8d37435 [     info]  Executing _checkDatabaseEnvironment for oxMemcached
May 16 15:19:41 +0600 OX-plugins-62826b8d37435 [     info]  Executing _runScript for oxMemcached
May 16 15:19:41 +0600 OX-plugins-62826b8d37435 [     info]  Executing _checkDependenciesForInstallOrEnable for oxMemcached
May 16 15:19:41 +0600 OX-plugins-62826b8d37435 [     info]  Executing _checkFiles for oxMemcached
May 16 15:19:41 +0600 OX-plugins-62826b8d37435 [     info]  Executing _checkNavigationCheckers for oxMemcached
May 16 15:19:41 +0600 OX-plugins-62826b8d37435 [     info]  Executing _checkMenus for oxMemcached
May 16 15:19:41 +0600 OX-plugins-62826b8d37435 [     info]  Executing _registerSchema for oxMemcached
May 16 15:19:41 +0600 OX-plugins-62826b8d37435 [     info]  Executing _registerPreferences for oxMemcached
May 16 15:19:41 +0600 OX-plugins-62826b8d37435 [     info]  Executing _registerSettings for oxMemcached
May 16 15:19:41 +0600 OX-plugins-62826b8d37435 [     info]  Executing disableComponentGroup for oxMemcached
May 16 15:19:41 +0600 OX-plugins-62826b8d37435 [     info]  Executing _registerPluginVersion for oxMemcached
May 16 15:19:41 +0600 OX-plugins-62826b8d37435 [     info]  Executing _runScript for oxMemcached
May 16 15:19:43 +0600 OX-plugins-62826b8fe5b15 [     info]  starting _checkPackageContents openXInvocationTags.xml
May 16 15:19:43 +0600 OX-plugins-62826b8fe5b15 [     info]  expecting definition openXInvocationTags.xml
May 16 15:19:43 +0600 OX-plugins-62826b8fe5b15 [     info]  detected group definition file /plugins/etc/oxInvocationTags/oxInvocationTags.xml
May 16 15:19:43 +0600 OX-plugins-62826b8fe5b15 [     info]  detected plugin definition file /plugins/etc/openXInvocationTags.xml
May 16 15:19:44 +0600 OX-plugins-62826b8fe5b15 [     info]  Executing _checkOpenXCompatibility for oxInvocationTags
May 16 15:19:44 +0600 OX-plugins-62826b8fe5b15 [     info]  Executing _checkSystemEnvironment for oxInvocationTags
May 16 15:19:44 +0600 OX-plugins-62826b8fe5b15 [     info]  Executing _checkDatabaseEnvironment for oxInvocationTags
May 16 15:19:44 +0600 OX-plugins-62826b8fe5b15 [     info]  Executing _runScript for oxInvocationTags
May 16 15:19:44 +0600 OX-plugins-62826b8fe5b15 [     info]  Executing _checkDependenciesForInstallOrEnable for oxInvocationTags
May 16 15:19:44 +0600 OX-plugins-62826b8fe5b15 [     info]  Executing _checkFiles for oxInvocationTags
May 16 15:19:44 +0600 OX-plugins-62826b8fe5b15 [     info]  Executing _checkNavigationCheckers for oxInvocationTags
May 16 15:19:44 +0600 OX-plugins-62826b8fe5b15 [     info]  Executing _checkMenus for oxInvocationTags
May 16 15:19:44 +0600 OX-plugins-62826b8fe5b15 [     info]  Executing _registerSchema for oxInvocationTags
May 16 15:19:44 +0600 OX-plugins-62826b8fe5b15 [     info]  Executing _registerPreferences for oxInvocationTags
May 16 15:19:44 +0600 OX-plugins-62826b8fe5b15 [     info]  Executing _registerSettings for oxInvocationTags
May 16 15:19:44 +0600 OX-plugins-62826b8fe5b15 [     info]  Executing disableComponentGroup for oxInvocationTags
May 16 15:19:44 +0600 OX-plugins-62826b8fe5b15 [     info]  Executing _registerPluginVersion for oxInvocationTags
May 16 15:19:44 +0600 OX-plugins-62826b8fe5b15 [     info]  Executing _runScript for oxInvocationTags
May 16 15:19:46 +0600 OX-plugins-62826b92aed2b [     info]  starting _checkPackageContents openXDeliveryLog.xml
May 16 15:19:46 +0600 OX-plugins-62826b92aed2b [     info]  expecting definition openXDeliveryLog.xml
May 16 15:19:46 +0600 OX-plugins-62826b92aed2b [     info]  detected group definition file /plugins/etc/oxLogImpression/oxLogImpression.xml
May 16 15:19:46 +0600 OX-plugins-62826b92aed2b [     info]  detected group definition file /plugins/etc/oxDeliveryDataPrepare/oxDeliveryDataPrepare.xml
May 16 15:19:46 +0600 OX-plugins-62826b92aed2b [     info]  detected plugin definition file /plugins/etc/openXDeliveryLog.xml
May 16 15:19:46 +0600 OX-plugins-62826b92aed2b [     info]  detected group definition file /plugins/etc/oxLogConversion/oxLogConversion.xml
May 16 15:19:46 +0600 OX-plugins-62826b92aed2b [     info]  detected group definition file /plugins/etc/oxLogRequest/oxLogRequest.xml
May 16 15:19:46 +0600 OX-plugins-62826b92aed2b [     info]  detected group definition file /plugins/etc/oxLogClick/oxLogClick.xml
May 16 15:19:46 +0600 OX-plugins-62826b92aed2b [     info]  Executing _checkOpenXCompatibility for oxDeliveryDataPrepare
May 16 15:19:46 +0600 OX-plugins-62826b92aed2b [     info]  Executing _checkSystemEnvironment for oxDeliveryDataPrepare
May 16 15:19:46 +0600 OX-plugins-62826b92aed2b [     info]  Executing _checkDatabaseEnvironment for oxDeliveryDataPrepare
May 16 15:19:46 +0600 OX-plugins-62826b92aed2b [     info]  Executing _runScript for oxDeliveryDataPrepare
May 16 15:19:46 +0600 OX-plugins-62826b92aed2b [     info]  Executing _checkDependenciesForInstallOrEnable for oxDeliveryDataPrepare
May 16 15:19:46 +0600 OX-plugins-62826b92aed2b [     info]  Executing _checkFiles for oxDeliveryDataPrepare
May 16 15:19:46 +0600 OX-plugins-62826b92aed2b [     info]  Executing _checkNavigationCheckers for oxDeliveryDataPrepare
May 16 15:19:46 +0600 OX-plugins-62826b92aed2b [     info]  Executing _checkMenus for oxDeliveryDataPrepare
May 16 15:19:46 +0600 OX-plugins-62826b92aed2b [     info]  Executing _registerSchema for oxDeliveryDataPrepare
May 16 15:19:47 +0600 OX-plugins-62826b92aed2b [     info]  Executing _registerPreferences for oxDeliveryDataPrepare
May 16 15:19:47 +0600 OX-plugins-62826b92aed2b [     info]  Executing _registerSettings for oxDeliveryDataPrepare
May 16 15:19:47 +0600 OX-plugins-62826b92aed2b [     info]  Executing disableComponentGroup for oxDeliveryDataPrepare
May 16 15:19:47 +0600 OX-plugins-62826b92aed2b [     info]  Executing _registerPluginVersion for oxDeliveryDataPrepare
May 16 15:19:47 +0600 OX-plugins-62826b92aed2b [     info]  Executing _runScript for oxDeliveryDataPrepare
May 16 15:19:47 +0600 OX-plugins-62826b92aed2b [     info]  Executing _checkOpenXCompatibility for oxLogClick
May 16 15:19:47 +0600 OX-plugins-62826b92aed2b [     info]  Executing _checkSystemEnvironment for oxLogClick
May 16 15:19:47 +0600 OX-plugins-62826b92aed2b [     info]  Executing _checkDatabaseEnvironment for oxLogClick
May 16 15:19:47 +0600 OX-plugins-62826b92aed2b [     info]  Executing _runScript for oxLogClick
May 16 15:19:47 +0600 OX-plugins-62826b92aed2b [     info]  Executing _checkDependenciesForInstallOrEnable for oxLogClick
May 16 15:19:47 +0600 OX-plugins-62826b92aed2b [     info]  Executing _checkFiles for oxLogClick
May 16 15:19:47 +0600 OX-plugins-62826b92aed2b [     info]  Executing _checkNavigationCheckers for oxLogClick
May 16 15:19:47 +0600 OX-plugins-62826b92aed2b [     info]  Executing _checkMenus for oxLogClick
May 16 15:19:47 +0600 OX-plugins-62826b92aed2b [     info]  Executing _registerSchema for oxLogClick
May 16 15:19:47 +0600 OX-plugins-62826b92aed2b [     info]  Executing _registerPreferences for oxLogClick
May 16 15:19:47 +0600 OX-plugins-62826b92aed2b [     info]  Executing _registerSettings for oxLogClick
May 16 15:19:47 +0600 OX-plugins-62826b92aed2b [     info]  Executing disableComponentGroup for oxLogClick
May 16 15:19:47 +0600 OX-plugins-62826b92aed2b [     info]  Executing _registerPluginVersion for oxLogClick
May 16 15:19:47 +0600 OX-plugins-62826b92aed2b [     info]  Executing _runScript for oxLogClick
May 16 15:19:47 +0600 OX-plugins-62826b92aed2b [     info]  Executing _checkOpenXCompatibility for oxLogConversion
May 16 15:19:47 +0600 OX-plugins-62826b92aed2b [     info]  Executing _checkSystemEnvironment for oxLogConversion
May 16 15:19:47 +0600 OX-plugins-62826b92aed2b [     info]  Executing _checkDatabaseEnvironment for oxLogConversion
May 16 15:19:47 +0600 OX-plugins-62826b92aed2b [     info]  Executing _runScript for oxLogConversion
May 16 15:19:47 +0600 OX-plugins-62826b92aed2b [     info]  Executing _checkDependenciesForInstallOrEnable for oxLogConversion
May 16 15:19:47 +0600 OX-plugins-62826b92aed2b [     info]  Executing _checkFiles for oxLogConversion
May 16 15:19:47 +0600 OX-plugins-62826b92aed2b [     info]  Executing _checkNavigationCheckers for oxLogConversion
May 16 15:19:47 +0600 OX-plugins-62826b92aed2b [     info]  Executing _checkMenus for oxLogConversion
May 16 15:19:47 +0600 OX-plugins-62826b92aed2b [     info]  Executing _registerSchema for oxLogConversion
May 16 15:19:47 +0600 OX-plugins-62826b92aed2b [     info]  Executing _registerPreferences for oxLogConversion
May 16 15:19:47 +0600 OX-plugins-62826b92aed2b [     info]  Executing _registerSettings for oxLogConversion
May 16 15:19:47 +0600 OX-plugins-62826b92aed2b [     info]  Executing disableComponentGroup for oxLogConversion
May 16 15:19:47 +0600 OX-plugins-62826b92aed2b [     info]  Executing _registerPluginVersion for oxLogConversion
May 16 15:19:47 +0600 OX-plugins-62826b92aed2b [     info]  Executing _runScript for oxLogConversion
May 16 15:19:47 +0600 OX-plugins-62826b92aed2b [     info]  Executing _checkOpenXCompatibility for oxLogImpression
May 16 15:19:47 +0600 OX-plugins-62826b92aed2b [     info]  Executing _checkSystemEnvironment for oxLogImpression
May 16 15:19:47 +0600 OX-plugins-62826b92aed2b [     info]  Executing _checkDatabaseEnvironment for oxLogImpression
May 16 15:19:47 +0600 OX-plugins-62826b92aed2b [     info]  Executing _runScript for oxLogImpression
May 16 15:19:47 +0600 OX-plugins-62826b92aed2b [     info]  Executing _checkDependenciesForInstallOrEnable for oxLogImpression
May 16 15:19:47 +0600 OX-plugins-62826b92aed2b [     info]  Executing _checkFiles for oxLogImpression
May 16 15:19:47 +0600 OX-plugins-62826b92aed2b [     info]  Executing _checkNavigationCheckers for oxLogImpression
May 16 15:19:47 +0600 OX-plugins-62826b92aed2b [     info]  Executing _checkMenus for oxLogImpression
May 16 15:19:47 +0600 OX-plugins-62826b92aed2b [     info]  Executing _registerSchema for oxLogImpression
May 16 15:19:47 +0600 OX-plugins-62826b92aed2b [     info]  Executing _registerPreferences for oxLogImpression
May 16 15:19:47 +0600 OX-plugins-62826b92aed2b [     info]  Executing _registerSettings for oxLogImpression
May 16 15:19:47 +0600 OX-plugins-62826b92aed2b [     info]  Executing disableComponentGroup for oxLogImpression
May 16 15:19:47 +0600 OX-plugins-62826b92aed2b [     info]  Executing _registerPluginVersion for oxLogImpression
May 16 15:19:47 +0600 OX-plugins-62826b92aed2b [     info]  Executing _runScript for oxLogImpression
May 16 15:19:47 +0600 OX-plugins-62826b92aed2b [     info]  Executing _checkOpenXCompatibility for oxLogRequest
May 16 15:19:47 +0600 OX-plugins-62826b92aed2b [     info]  Executing _checkSystemEnvironment for oxLogRequest
May 16 15:19:47 +0600 OX-plugins-62826b92aed2b [     info]  Executing _checkDatabaseEnvironment for oxLogRequest
May 16 15:19:47 +0600 OX-plugins-62826b92aed2b [     info]  Executing _runScript for oxLogRequest
May 16 15:19:47 +0600 OX-plugins-62826b92aed2b [     info]  Executing _checkDependenciesForInstallOrEnable for oxLogRequest
May 16 15:19:47 +0600 OX-plugins-62826b92aed2b [     info]  Executing _checkFiles for oxLogRequest
May 16 15:19:47 +0600 OX-plugins-62826b92aed2b [     info]  Executing _checkNavigationCheckers for oxLogRequest
May 16 15:19:47 +0600 OX-plugins-62826b92aed2b [     info]  Executing _checkMenus for oxLogRequest
May 16 15:19:47 +0600 OX-plugins-62826b92aed2b [     info]  Executing _registerSchema for oxLogRequest
May 16 15:19:47 +0600 OX-plugins-62826b92aed2b [     info]  Executing _registerPreferences for oxLogRequest
May 16 15:19:47 +0600 OX-plugins-62826b92aed2b [     info]  Executing _registerSettings for oxLogRequest
May 16 15:19:47 +0600 OX-plugins-62826b92aed2b [     info]  Executing disableComponentGroup for oxLogRequest
May 16 15:19:47 +0600 OX-plugins-62826b92aed2b [     info]  Executing _registerPluginVersion for oxLogRequest
May 16 15:19:47 +0600 OX-plugins-62826b92aed2b [     info]  Executing _runScript for oxLogRequest
May 16 15:19:49 +0600 OX-plugins-62826b95e4c8e [     info]  starting _checkPackageContents openXVideoAds.xml
May 16 15:19:49 +0600 OX-plugins-62826b95e4c8e [     info]  expecting definition openXVideoAds.xml
May 16 15:19:49 +0600 OX-plugins-62826b95e4c8e [     info]  detected group definition file /plugins/etc/videoReport/videoReport.xml
May 16 15:19:49 +0600 OX-plugins-62826b95e4c8e [     info]  detected plugin definition file /plugins/etc/openXVideoAds.xml
May 16 15:19:49 +0600 OX-plugins-62826b95e4c8e [     info]  detected group definition file /plugins/etc/oxLogVast/oxLogVast.xml
May 16 15:19:49 +0600 OX-plugins-62826b95e4c8e [     info]  detected group definition file /plugins/etc/vastServeVideoPlayer/vastServeVideoPlayer.xml
May 16 15:19:49 +0600 OX-plugins-62826b95e4c8e [     info]  detected group definition file /plugins/etc/vastOverlayBannerTypeHtml/vastOverlayBannerTypeHtml.xml
May 16 15:19:49 +0600 OX-plugins-62826b95e4c8e [     info]  detected group definition file /plugins/etc/vastInlineBannerTypeHtml/vastInlineBannerTypeHtml.xml
May 16 15:19:50 +0600 OX-plugins-62826b95e4c8e [     info]  Executing _checkOpenXCompatibility for vastInlineBannerTypeHtml
May 16 15:19:50 +0600 OX-plugins-62826b95e4c8e [     info]  Executing _checkSystemEnvironment for vastInlineBannerTypeHtml
May 16 15:19:50 +0600 OX-plugins-62826b95e4c8e [     info]  Executing _checkDatabaseEnvironment for vastInlineBannerTypeHtml
May 16 15:19:50 +0600 OX-plugins-62826b95e4c8e [     info]  Executing _runScript for vastInlineBannerTypeHtml
May 16 15:19:50 +0600 OX-plugins-62826b95e4c8e [     info]  Executing _checkDependenciesForInstallOrEnable for vastInlineBannerTypeHtml
May 16 15:19:50 +0600 OX-plugins-62826b95e4c8e [     info]  Executing _checkFiles for vastInlineBannerTypeHtml
May 16 15:19:50 +0600 OX-plugins-62826b95e4c8e [     info]  Executing _checkNavigationCheckers for vastInlineBannerTypeHtml
May 16 15:19:50 +0600 OX-plugins-62826b95e4c8e [     info]  Executing _checkMenus for vastInlineBannerTypeHtml
May 16 15:19:50 +0600 OX-plugins-62826b95e4c8e [     info]  Executing _registerSchema for vastInlineBannerTypeHtml
May 16 15:19:50 +0600 OX-plugins-62826b95e4c8e [     info]  Executing _registerPreferences for vastInlineBannerTypeHtml
May 16 15:19:50 +0600 OX-plugins-62826b95e4c8e [     info]  Executing _registerSettings for vastInlineBannerTypeHtml
May 16 15:19:50 +0600 OX-plugins-62826b95e4c8e [     info]  Executing disableComponentGroup for vastInlineBannerTypeHtml
May 16 15:19:50 +0600 OX-plugins-62826b95e4c8e [     info]  Executing _registerPluginVersion for vastInlineBannerTypeHtml
May 16 15:19:50 +0600 OX-plugins-62826b95e4c8e [     info]  Executing _runScript for vastInlineBannerTypeHtml
May 16 15:19:50 +0600 OX-plugins-62826b95e4c8e [     info]  Executing _checkOpenXCompatibility for vastOverlayBannerTypeHtml
May 16 15:19:50 +0600 OX-plugins-62826b95e4c8e [     info]  Executing _checkSystemEnvironment for vastOverlayBannerTypeHtml
May 16 15:19:50 +0600 OX-plugins-62826b95e4c8e [     info]  Executing _checkDatabaseEnvironment for vastOverlayBannerTypeHtml
May 16 15:19:50 +0600 OX-plugins-62826b95e4c8e [     info]  Executing _runScript for vastOverlayBannerTypeHtml
May 16 15:19:50 +0600 OX-plugins-62826b95e4c8e [     info]  Executing _checkDependenciesForInstallOrEnable for vastOverlayBannerTypeHtml
May 16 15:19:50 +0600 OX-plugins-62826b95e4c8e [     info]  Executing _checkFiles for vastOverlayBannerTypeHtml
May 16 15:19:50 +0600 OX-plugins-62826b95e4c8e [     info]  Executing _checkNavigationCheckers for vastOverlayBannerTypeHtml
May 16 15:19:50 +0600 OX-plugins-62826b95e4c8e [     info]  Executing _checkMenus for vastOverlayBannerTypeHtml
May 16 15:19:50 +0600 OX-plugins-62826b95e4c8e [     info]  Executing _registerSchema for vastOverlayBannerTypeHtml
May 16 15:19:50 +0600 OX-plugins-62826b95e4c8e [     info]  Executing _registerPreferences for vastOverlayBannerTypeHtml
May 16 15:19:50 +0600 OX-plugins-62826b95e4c8e [     info]  Executing _registerSettings for vastOverlayBannerTypeHtml
May 16 15:19:50 +0600 OX-plugins-62826b95e4c8e [     info]  Executing disableComponentGroup for vastOverlayBannerTypeHtml
May 16 15:19:50 +0600 OX-plugins-62826b95e4c8e [     info]  Executing _registerPluginVersion for vastOverlayBannerTypeHtml
May 16 15:19:50 +0600 OX-plugins-62826b95e4c8e [     info]  Executing _runScript for vastOverlayBannerTypeHtml
May 16 15:19:50 +0600 OX-plugins-62826b95e4c8e [     info]  Executing _checkOpenXCompatibility for oxLogVast
May 16 15:19:50 +0600 OX-plugins-62826b95e4c8e [     info]  Executing _checkSystemEnvironment for oxLogVast
May 16 15:19:50 +0600 OX-plugins-62826b95e4c8e [     info]  Executing _checkDatabaseEnvironment for oxLogVast
May 16 15:19:50 +0600 OX-plugins-62826b95e4c8e [     info]  Executing _runScript for oxLogVast
May 16 15:19:50 +0600 OX-plugins-62826b95e4c8e [     info]  Executing _checkDependenciesForInstallOrEnable for oxLogVast
May 16 15:19:50 +0600 OX-plugins-62826b95e4c8e [     info]  Executing _checkFiles for oxLogVast
May 16 15:19:50 +0600 OX-plugins-62826b95e4c8e [     info]  Executing _checkNavigationCheckers for oxLogVast
May 16 15:19:50 +0600 OX-plugins-62826b95e4c8e [     info]  Executing _checkMenus for oxLogVast
May 16 15:19:50 +0600 OX-plugins-62826b95e4c8e [     info]  Executing _registerSchema for oxLogVast
May 16 15:19:50 +0600 OX-plugins-62826b95e4c8e [     info]  Executing _registerPreferences for oxLogVast
May 16 15:19:50 +0600 OX-plugins-62826b95e4c8e [     info]  Executing _registerSettings for oxLogVast
May 16 15:19:50 +0600 OX-plugins-62826b95e4c8e [     info]  Executing disableComponentGroup for oxLogVast
May 16 15:19:50 +0600 OX-plugins-62826b95e4c8e [     info]  Executing _registerPluginVersion for oxLogVast
May 16 15:19:50 +0600 OX-plugins-62826b95e4c8e [     info]  Executing _runScript for oxLogVast
May 16 15:19:50 +0600 OX-plugins-62826b95e4c8e [     info]  Executing _checkOpenXCompatibility for vastServeVideoPlayer
May 16 15:19:50 +0600 OX-plugins-62826b95e4c8e [     info]  Executing _checkSystemEnvironment for vastServeVideoPlayer
May 16 15:19:50 +0600 OX-plugins-62826b95e4c8e [     info]  Executing _checkDatabaseEnvironment for vastServeVideoPlayer
May 16 15:19:50 +0600 OX-plugins-62826b95e4c8e [     info]  Executing _runScript for vastServeVideoPlayer
May 16 15:19:50 +0600 OX-plugins-62826b95e4c8e [     info]  Executing _checkDependenciesForInstallOrEnable for vastServeVideoPlayer
May 16 15:19:50 +0600 OX-plugins-62826b95e4c8e [     info]  Executing _checkFiles for vastServeVideoPlayer
May 16 15:19:50 +0600 OX-plugins-62826b95e4c8e [     info]  Executing _checkNavigationCheckers for vastServeVideoPlayer
May 16 15:19:50 +0600 OX-plugins-62826b95e4c8e [     info]  Executing _checkMenus for vastServeVideoPlayer
May 16 15:19:50 +0600 OX-plugins-62826b95e4c8e [     info]  Executing _registerSchema for vastServeVideoPlayer
May 16 15:19:50 +0600 OX-plugins-62826b95e4c8e [     info]  Executing _registerPreferences for vastServeVideoPlayer
May 16 15:19:50 +0600 OX-plugins-62826b95e4c8e [     info]  Executing _registerSettings for vastServeVideoPlayer
May 16 15:19:50 +0600 OX-plugins-62826b95e4c8e [     info]  Executing disableComponentGroup for vastServeVideoPlayer
May 16 15:19:50 +0600 OX-plugins-62826b95e4c8e [     info]  Executing _registerPluginVersion for vastServeVideoPlayer
May 16 15:19:50 +0600 OX-plugins-62826b95e4c8e [     info]  Executing _runScript for vastServeVideoPlayer
May 16 15:19:50 +0600 OX-plugins-62826b95e4c8e [     info]  Executing _checkOpenXCompatibility for videoReport
May 16 15:19:50 +0600 OX-plugins-62826b95e4c8e [     info]  Executing _checkSystemEnvironment for videoReport
May 16 15:19:50 +0600 OX-plugins-62826b95e4c8e [     info]  Executing _checkDatabaseEnvironment for videoReport
May 16 15:19:50 +0600 OX-plugins-62826b95e4c8e [     info]  Executing _runScript for videoReport
May 16 15:19:50 +0600 OX-plugins-62826b95e4c8e [     info]  Executing _checkDependenciesForInstallOrEnable for videoReport
May 16 15:19:50 +0600 OX-plugins-62826b95e4c8e [     info]  Executing _checkFiles for videoReport
May 16 15:19:50 +0600 OX-plugins-62826b95e4c8e [     info]  Executing _checkNavigationCheckers for videoReport
May 16 15:19:50 +0600 OX-plugins-62826b95e4c8e [     info]  Executing _checkMenus for videoReport
May 16 15:19:50 +0600 OX-plugins-62826b95e4c8e [     info]  Executing _registerSchema for videoReport
May 16 15:19:50 +0600 OX-plugins-62826b95e4c8e [     info]  Executing _registerPreferences for videoReport
May 16 15:19:50 +0600 OX-plugins-62826b95e4c8e [     info]  Executing _registerSettings for videoReport
May 16 15:19:50 +0600 OX-plugins-62826b95e4c8e [     info]  Executing disableComponentGroup for videoReport
May 16 15:19:50 +0600 OX-plugins-62826b95e4c8e [     info]  Executing _registerPluginVersion for videoReport
May 16 15:19:50 +0600 OX-plugins-62826b95e4c8e [     info]  Executing _runScript for videoReport
May 16 15:19:53 +0600 OX-plugins-62826b992261f [     info]  starting _checkPackageContents reviveMaxMindGeoIP2.xml
May 16 15:19:53 +0600 OX-plugins-62826b992261f [     info]  expecting definition reviveMaxMindGeoIP2.xml
May 16 15:19:53 +0600 OX-plugins-62826b992261f [     info]  detected plugin definition file /plugins/etc/reviveMaxMindGeoIP2.xml
May 16 15:19:53 +0600 OX-plugins-62826b992261f [     info]  detected group definition file /plugins/etc/rvMaxMindGeoIP2Maintenance/rvMaxMindGeoIP2Maintenance.xml
May 16 15:19:53 +0600 OX-plugins-62826b992261f [     info]  detected group definition file /plugins/etc/rvMaxMindGeoIP2/rvMaxMindGeoIP2.xml
May 16 15:19:53 +0600 OX-plugins-62826b992261f [     info]  Executing _checkOpenXCompatibility for rvMaxMindGeoIP2
May 16 15:19:53 +0600 OX-plugins-62826b992261f [     info]  Executing _checkSystemEnvironment for rvMaxMindGeoIP2
May 16 15:19:53 +0600 OX-plugins-62826b992261f [     info]  Executing _checkDatabaseEnvironment for rvMaxMindGeoIP2
May 16 15:19:53 +0600 OX-plugins-62826b992261f [     info]  Executing _runScript for rvMaxMindGeoIP2
May 16 15:19:53 +0600 OX-plugins-62826b992261f [     info]  Executing _checkDependenciesForInstallOrEnable for rvMaxMindGeoIP2
May 16 15:19:53 +0600 OX-plugins-62826b992261f [     info]  Executing _checkFiles for rvMaxMindGeoIP2
May 16 15:19:53 +0600 OX-plugins-62826b992261f [     info]  Executing _checkNavigationCheckers for rvMaxMindGeoIP2
May 16 15:19:53 +0600 OX-plugins-62826b992261f [     info]  Executing _checkMenus for rvMaxMindGeoIP2
May 16 15:19:53 +0600 OX-plugins-62826b992261f [     info]  Executing _registerSchema for rvMaxMindGeoIP2
May 16 15:19:53 +0600 OX-plugins-62826b992261f [     info]  Executing _registerPreferences for rvMaxMindGeoIP2
May 16 15:19:53 +0600 OX-plugins-62826b992261f [     info]  Executing _registerSettings for rvMaxMindGeoIP2
May 16 15:19:53 +0600 OX-plugins-62826b992261f [     info]  Executing disableComponentGroup for rvMaxMindGeoIP2
May 16 15:19:53 +0600 OX-plugins-62826b992261f [     info]  Executing _registerPluginVersion for rvMaxMindGeoIP2
May 16 15:19:53 +0600 OX-plugins-62826b992261f [     info]  Executing _runScript for rvMaxMindGeoIP2
May 16 15:19:53 +0600 OX-plugins-62826b992261f [     info]  Executing _checkOpenXCompatibility for rvMaxMindGeoIP2Maintenance
May 16 15:19:53 +0600 OX-plugins-62826b992261f [     info]  Executing _checkSystemEnvironment for rvMaxMindGeoIP2Maintenance
May 16 15:19:53 +0600 OX-plugins-62826b992261f [     info]  Executing _checkDatabaseEnvironment for rvMaxMindGeoIP2Maintenance
May 16 15:19:53 +0600 OX-plugins-62826b992261f [     info]  Executing _runScript for rvMaxMindGeoIP2Maintenance
May 16 15:19:53 +0600 OX-plugins-62826b992261f [     info]  Executing _checkDependenciesForInstallOrEnable for rvMaxMindGeoIP2Maintenance
May 16 15:19:53 +0600 OX-plugins-62826b992261f [     info]  Executing _checkFiles for rvMaxMindGeoIP2Maintenance
May 16 15:19:53 +0600 OX-plugins-62826b992261f [     info]  Executing _checkNavigationCheckers for rvMaxMindGeoIP2Maintenance
May 16 15:19:53 +0600 OX-plugins-62826b992261f [     info]  Executing _checkMenus for rvMaxMindGeoIP2Maintenance
May 16 15:19:53 +0600 OX-plugins-62826b992261f [     info]  Executing _registerSchema for rvMaxMindGeoIP2Maintenance
May 16 15:19:53 +0600 OX-plugins-62826b992261f [     info]  Executing _registerPreferences for rvMaxMindGeoIP2Maintenance
May 16 15:19:53 +0600 OX-plugins-62826b992261f [     info]  Executing _registerSettings for rvMaxMindGeoIP2Maintenance
May 16 15:19:53 +0600 OX-plugins-62826b992261f [     info]  Executing disableComponentGroup for rvMaxMindGeoIP2Maintenance
May 16 15:19:53 +0600 OX-plugins-62826b992261f [     info]  Executing _registerPluginVersion for rvMaxMindGeoIP2Maintenance
May 16 15:19:53 +0600 OX-plugins-62826b992261f [     info]  Executing _runScript for rvMaxMindGeoIP2Maintenance
May 16 15:19:53 +0600 OX-plugins-62826b992261f [  warning]  An error occurred trying to download the latest GeoIP2 database: Client error: `GET https://download.maxmind.com/app/geoip_download?edition_id=GeoLite2-City&amp;suffix=tar.gz.md5&amp;license_key=` resulted in a `401 Unauthorized` response:
Invalid license key


May 16 15:22:10 +0600 OX-plugins-62826c2213914 [     info]  starting _checkPackageContents VideoAds.xml
May 16 15:22:10 +0600 OX-plugins-62826c2213914 [     info]  expecting definition VideoAds.xml
May 16 15:22:10 +0600 OX-plugins-62826c2213914 [     info]  detected group definition file /plugins/etc/djaxvastInlineBannerTypeHtml/djaxvastInlineBannerTypeHtml.xml
May 16 15:22:10 +0600 OX-plugins-62826c2213914 [     info]  detected group definition file /plugins/etc/djaxvastOverlayBannerTypeHtml/djaxvastOverlayBannerTypeHtml.xml
May 16 15:22:10 +0600 OX-plugins-62826c2213914 [     info]  detected group definition file /plugins/etc/djaxvastServeVideoPlayer/djaxvastServeVideoPlayer.xml
May 16 15:22:10 +0600 OX-plugins-62826c2213914 [     info]  detected group definition file /plugins/etc/oxLogdjaxVast/oxLogdjaxVast.xml
May 16 15:22:10 +0600 OX-plugins-62826c2213914 [     info]  detected group definition file /plugins/etc/rmInvocationTags/rmInvocationTags.xml
May 16 15:22:10 +0600 OX-plugins-62826c2213914 [     info]  detected group definition file /plugins/etc/rmvideoReport/rmvideoReport.xml
May 16 15:22:10 +0600 OX-plugins-62826c2213914 [     info]  detected plugin definition file /plugins/etc/VideoAds.xml
May 16 15:22:10 +0600 OX-plugins-62826c2213914 [     info]  Executing _checkOpenXCompatibility for djaxvastInlineBannerTypeHtml
May 16 15:22:10 +0600 OX-plugins-62826c2213914 [     info]  Executing _checkSystemEnvironment for djaxvastInlineBannerTypeHtml
May 16 15:22:10 +0600 OX-plugins-62826c2213914 [     info]  Executing _checkDatabaseEnvironment for djaxvastInlineBannerTypeHtml
May 16 15:22:10 +0600 OX-plugins-62826c2213914 [     info]  Executing _runScript for djaxvastInlineBannerTypeHtml
May 16 15:22:10 +0600 OX-plugins-62826c2213914 [     info]  Executing _checkDependenciesForInstallOrEnable for djaxvastInlineBannerTypeHtml
May 16 15:22:10 +0600 OX-plugins-62826c2213914 [     info]  Executing _checkFiles for djaxvastInlineBannerTypeHtml
May 16 15:22:10 +0600 OX-plugins-62826c2213914 [     info]  Executing _checkNavigationCheckers for djaxvastInlineBannerTypeHtml
May 16 15:22:10 +0600 OX-plugins-62826c2213914 [     info]  Executing _checkMenus for djaxvastInlineBannerTypeHtml
May 16 15:22:10 +0600 OX-plugins-62826c2213914 [     info]  Executing _registerSchema for djaxvastInlineBannerTypeHtml
May 16 15:22:11 +0600 OX-plugins-62826c2213914 [     info]  Executing _registerPreferences for djaxvastInlineBannerTypeHtml
May 16 15:22:11 +0600 OX-plugins-62826c2213914 [     info]  Executing _registerSettings for djaxvastInlineBannerTypeHtml
May 16 15:22:11 +0600 OX-plugins-62826c2213914 [     info]  Executing disableComponentGroup for djaxvastInlineBannerTypeHtml
May 16 15:22:11 +0600 OX-plugins-62826c2213914 [     info]  Executing _registerPluginVersion for djaxvastInlineBannerTypeHtml
May 16 15:22:11 +0600 OX-plugins-62826c2213914 [     info]  Executing _runScript for djaxvastInlineBannerTypeHtml
May 16 15:22:11 +0600 OX-plugins-62826c2213914 [     info]  Executing _checkOpenXCompatibility for djaxvastOverlayBannerTypeHtml
May 16 15:22:11 +0600 OX-plugins-62826c2213914 [     info]  Executing _checkSystemEnvironment for djaxvastOverlayBannerTypeHtml
May 16 15:22:11 +0600 OX-plugins-62826c2213914 [     info]  Executing _checkDatabaseEnvironment for djaxvastOverlayBannerTypeHtml
May 16 15:22:11 +0600 OX-plugins-62826c2213914 [     info]  Executing _runScript for djaxvastOverlayBannerTypeHtml
May 16 15:22:11 +0600 OX-plugins-62826c2213914 [     info]  Executing _checkDependenciesForInstallOrEnable for djaxvastOverlayBannerTypeHtml
May 16 15:22:11 +0600 OX-plugins-62826c2213914 [     info]  Executing _checkFiles for djaxvastOverlayBannerTypeHtml
May 16 15:22:11 +0600 OX-plugins-62826c2213914 [     info]  Executing _checkNavigationCheckers for djaxvastOverlayBannerTypeHtml
May 16 15:22:11 +0600 OX-plugins-62826c2213914 [     info]  Executing _checkMenus for djaxvastOverlayBannerTypeHtml
May 16 15:22:11 +0600 OX-plugins-62826c2213914 [     info]  Executing _registerSchema for djaxvastOverlayBannerTypeHtml
May 16 15:22:11 +0600 OX-plugins-62826c2213914 [     info]  Executing _registerPreferences for djaxvastOverlayBannerTypeHtml
May 16 15:22:11 +0600 OX-plugins-62826c2213914 [     info]  Executing _registerSettings for djaxvastOverlayBannerTypeHtml
May 16 15:22:11 +0600 OX-plugins-62826c2213914 [     info]  Executing disableComponentGroup for djaxvastOverlayBannerTypeHtml
May 16 15:22:11 +0600 OX-plugins-62826c2213914 [     info]  Executing _registerPluginVersion for djaxvastOverlayBannerTypeHtml
May 16 15:22:11 +0600 OX-plugins-62826c2213914 [     info]  Executing _runScript for djaxvastOverlayBannerTypeHtml
May 16 15:22:11 +0600 OX-plugins-62826c2213914 [     info]  Executing _checkOpenXCompatibility for oxLogdjaxVast
May 16 15:22:11 +0600 OX-plugins-62826c2213914 [     info]  Executing _checkSystemEnvironment for oxLogdjaxVast
May 16 15:22:11 +0600 OX-plugins-62826c2213914 [     info]  Executing _checkDatabaseEnvironment for oxLogdjaxVast
May 16 15:22:11 +0600 OX-plugins-62826c2213914 [     info]  Executing _runScript for oxLogdjaxVast
May 16 15:22:11 +0600 OX-plugins-62826c2213914 [     info]  Executing _checkDependenciesForInstallOrEnable for oxLogdjaxVast
May 16 15:22:11 +0600 OX-plugins-62826c2213914 [     info]  Executing _checkFiles for oxLogdjaxVast
May 16 15:22:11 +0600 OX-plugins-62826c2213914 [     info]  Executing _checkNavigationCheckers for oxLogdjaxVast
May 16 15:22:11 +0600 OX-plugins-62826c2213914 [     info]  Executing _checkMenus for oxLogdjaxVast
May 16 15:22:11 +0600 OX-plugins-62826c2213914 [     info]  Executing _registerSchema for oxLogdjaxVast
May 16 15:22:11 +0600 OX-plugins-62826c2213914 [     info]  Executing _registerPreferences for oxLogdjaxVast
May 16 15:22:11 +0600 OX-plugins-62826c2213914 [     info]  Executing _registerSettings for oxLogdjaxVast
May 16 15:22:11 +0600 OX-plugins-62826c2213914 [     info]  Executing disableComponentGroup for oxLogdjaxVast
May 16 15:22:11 +0600 OX-plugins-62826c2213914 [     info]  Executing _registerPluginVersion for oxLogdjaxVast
May 16 15:22:11 +0600 OX-plugins-62826c2213914 [     info]  Executing _runScript for oxLogdjaxVast
May 16 15:22:11 +0600 OX-plugins-62826c2213914 [     info]  Executing _checkOpenXCompatibility for djaxvastServeVideoPlayer
May 16 15:22:11 +0600 OX-plugins-62826c2213914 [     info]  Executing _checkSystemEnvironment for djaxvastServeVideoPlayer
May 16 15:22:11 +0600 OX-plugins-62826c2213914 [     info]  Executing _checkDatabaseEnvironment for djaxvastServeVideoPlayer
May 16 15:22:11 +0600 OX-plugins-62826c2213914 [     info]  Executing _runScript for djaxvastServeVideoPlayer
May 16 15:22:11 +0600 OX-plugins-62826c2213914 [     info]  Executing _checkDependenciesForInstallOrEnable for djaxvastServeVideoPlayer
May 16 15:22:11 +0600 OX-plugins-62826c2213914 [     info]  Executing _checkFiles for djaxvastServeVideoPlayer
May 16 15:22:11 +0600 OX-plugins-62826c2213914 [     info]  Executing _checkNavigationCheckers for djaxvastServeVideoPlayer
May 16 15:22:11 +0600 OX-plugins-62826c2213914 [     info]  Executing _checkMenus for djaxvastServeVideoPlayer
May 16 15:22:11 +0600 OX-plugins-62826c2213914 [     info]  Executing _registerSchema for djaxvastServeVideoPlayer
May 16 15:22:11 +0600 OX-plugins-62826c2213914 [     info]  Executing _registerPreferences for djaxvastServeVideoPlayer
May 16 15:22:11 +0600 OX-plugins-62826c2213914 [     info]  Executing _registerSettings for djaxvastServeVideoPlayer
May 16 15:22:11 +0600 OX-plugins-62826c2213914 [     info]  Executing disableComponentGroup for djaxvastServeVideoPlayer
May 16 15:22:11 +0600 OX-plugins-62826c2213914 [     info]  Executing _registerPluginVersion for djaxvastServeVideoPlayer
May 16 15:22:11 +0600 OX-plugins-62826c2213914 [     info]  Executing _runScript for djaxvastServeVideoPlayer
May 16 15:22:11 +0600 OX-plugins-62826c2213914 [     info]  Executing _checkOpenXCompatibility for rmvideoReport
May 16 15:22:11 +0600 OX-plugins-62826c2213914 [     info]  Executing _checkSystemEnvironment for rmvideoReport
May 16 15:22:11 +0600 OX-plugins-62826c2213914 [     info]  Executing _checkDatabaseEnvironment for rmvideoReport
May 16 15:22:11 +0600 OX-plugins-62826c2213914 [     info]  Executing _runScript for rmvideoReport
May 16 15:22:11 +0600 OX-plugins-62826c2213914 [     info]  Executing _checkDependenciesForInstallOrEnable for rmvideoReport
May 16 15:22:11 +0600 OX-plugins-62826c2213914 [     info]  Executing _checkFiles for rmvideoReport
May 16 15:22:11 +0600 OX-plugins-62826c2213914 [     info]  Executing _checkNavigationCheckers for rmvideoReport
May 16 15:22:11 +0600 OX-plugins-62826c2213914 [     info]  Executing _checkMenus for rmvideoReport
May 16 15:22:11 +0600 OX-plugins-62826c2213914 [     info]  Executing _registerSchema for rmvideoReport
May 16 15:22:11 +0600 OX-plugins-62826c2213914 [     info]  Executing _registerPreferences for rmvideoReport
May 16 15:22:11 +0600 OX-plugins-62826c2213914 [     info]  Executing _registerSettings for rmvideoReport
May 16 15:22:11 +0600 OX-plugins-62826c2213914 [     info]  Executing disableComponentGroup for rmvideoReport
May 16 15:22:11 +0600 OX-plugins-62826c2213914 [     info]  Executing _registerPluginVersion for rmvideoReport
May 16 15:22:11 +0600 OX-plugins-62826c2213914 [     info]  Executing _runScript for rmvideoReport
May 16 15:22:11 +0600 OX-plugins-62826c2213914 [     info]  Executing _checkOpenXCompatibility for rmInvocationTags
May 16 15:22:11 +0600 OX-plugins-62826c2213914 [     info]  Executing _checkSystemEnvironment for rmInvocationTags
May 16 15:22:11 +0600 OX-plugins-62826c2213914 [     info]  Executing _checkDatabaseEnvironment for rmInvocationTags
May 16 15:22:11 +0600 OX-plugins-62826c2213914 [     info]  Executing _runScript for rmInvocationTags
May 16 15:22:11 +0600 OX-plugins-62826c2213914 [     info]  Executing _checkDependenciesForInstallOrEnable for rmInvocationTags
May 16 15:22:11 +0600 OX-plugins-62826c2213914 [     info]  Executing _checkFiles for rmInvocationTags
May 16 15:22:11 +0600 OX-plugins-62826c2213914 [     info]  Executing _checkNavigationCheckers for rmInvocationTags
May 16 15:22:11 +0600 OX-plugins-62826c2213914 [     info]  Executing _checkMenus for rmInvocationTags
May 16 15:22:11 +0600 OX-plugins-62826c2213914 [     info]  Executing _registerSchema for rmInvocationTags
May 16 15:22:11 +0600 OX-plugins-62826c2213914 [     info]  Executing _registerPreferences for rmInvocationTags
May 16 15:22:11 +0600 OX-plugins-62826c2213914 [     info]  Executing _registerSettings for rmInvocationTags
May 16 15:22:11 +0600 OX-plugins-62826c2213914 [     info]  Executing disableComponentGroup for rmInvocationTags
May 16 15:22:11 +0600 OX-plugins-62826c2213914 [     info]  Executing _registerPluginVersion for rmInvocationTags
May 16 15:22:11 +0600 OX-plugins-62826c2213914 [     info]  Executing _runScript for rmInvocationTags
May 16 15:23:00 +0600 OX-62826c5497894 [     info]  Generating a new platform_hash for the installation
May 16 15:23:02 +0600 OX-62826c5497894 [     info]  Sync: updates found!
May 16 15:23:46 +0600 OX-62826c81c126c [  warning]  An error occurred trying to download the latest GeoIP2 database: Client error: `GET https://download.maxmind.com/app/geoip_download?edition_id=GeoLite2-City&amp;suffix=tar.gz.md5&amp;license_key=` resulted in a `401 Unauthorized` response:
Invalid license key


