Installation started 2022-05-16 14:28:35
Attempting to connect to database reviveads with user root
Connected to database reviveads
Database settings and permissions are OK
creating upgrade_action audit table
successfully created upgrade_action audit table
creating database_action audit table
successfully created database_action audit table
schema definition from cache TRUE
Installation created the core tables
Installation updated the schema version to 627
Installation updated the application version to 5.4.1
Preparing to set timezone preference...
Found timezone preference ID of 16
Found the admin account's timezone association, updating preference...
Updated the admin account timezone preference to: 'UTC'
#! openXBannerTypes(): Could not be installed because previous installation (whole or partial) was found
#! openXDeliveryLimitations(): Could not be installed because previous installation (whole or partial) was found
#! openXReports(): Could not be installed because previous installation (whole or partial) was found
#! openXDeliveryCacheStore(): Could not be installed because previous installation (whole or partial) was found
#! openXInvocationTags(): Could not be installed because previous installation (whole or partial) was found
#! openXDeliveryLog(): Could not be installed because previous installation (whole or partial) was found
#! openXVideoAds(): Could not be installed because previous installation (whole or partial) was found
#! reviveMaxMindGeoIP2(): Could not be installed because previous installation (whole or partial) was found
Starting file-check for plugins...
Finished file-check for plugins
Starting file-check for plugins...
Finished file-check for plugins
Starting file-check for plugins...
Finished file-check for plugins
